The system is: Linux - 5.9.16-1-MANJARO - x86_64
Compiling the CXX compiler identification source file "CMakeCXXCompilerId.cpp" succeeded.
Compiler: /usr/bin/g++-5 
Build flags: 
Id flags:  

The output was:
0


Compilation of the CXX compiler identification source "CMakeCXXCompilerId.cpp" produced "a.out"

The CXX compiler identification is GNU, found in "/home/jd/git/srcMetric/cmake-build-debug/CMakeFiles/3.23.1/CompilerIdCXX/a.out"

Detecting CXX compiler ABI info compiled with the following output:
Change Dir: /home/jd/git/srcMetric/cmake-build-debug/CMakeFiles/CMakeTmp

Run Build Command(s):/opt/clion/bin/ninja/linux/ninja cmTC_95d53 && [1/2] Building CXX object CMakeFiles/cmTC_95d53.dir/CMakeCXXCompilerABI.cpp.o
Using built-in specs.
COLLECT_GCC=/usr/bin/g++-5
Target: x86_64-pc-linux-gnu
Configured with: ../configure --build=x86_64-pc-linux-gnu --disable-libssp --disable-libstdcxx-pch --disable-libunwind-exceptions --disable-multilib --disable-werror --enable-__cxa_atexit --enable-checking=release --enable-clocale=gnu --with-isl --enable-gnu-indirect-function --enable-gnu-unique-object --enable-languages=c,c++,fortran,lto --enable-libmpx --enable-linker-build-id --enable-lto --enable-plugin --enable-shared --enable-threads=posix --enable-version-specific-runtime-libs --infodir=/usr/share/info --libdir=/usr/lib --libexecdir=/usr/lib --mandir=/usr/share/man --program-suffix=-5 --with-bugurl=https://bugs.archlinux.org/ --with-linker-hash-style=gnu --with-system-zlib --prefix=/usr
Thread model: posix
gcc version 5.5.0 (GCC) 
COLLECT_GCC_OPTIONS='-v' '-o' 'CMakeFiles/cmTC_95d53.dir/CMakeCXXCompilerABI.cpp.o' '-c' '-shared-libgcc' '-mtune=generic' '-march=x86-64'
 /usr/lib/gcc/x86_64-pc-linux-gnu/5.5.0/cc1plus -quiet -v -D_GNU_SOURCE /usr/share/cmake/Modules/CMakeCXXCompilerABI.cpp -quiet -dumpbase CMakeCXXCompilerABI.cpp -mtune=generic -march=x86-64 -auxbase-strip CMakeFiles/cmTC_95d53.dir/CMakeCXXCompilerABI.cpp.o -version -o /tmp/ccMWEJgl.s
GNU C++ (GCC) version 5.5.0 (x86_64-pc-linux-gnu)
	compiled by GNU C version 5.5.0, GMP version 6.2.1, MPFR version 4.1.0-p13, MPC version 1.2.1
GGC heuristics: --param ggc-min-expand=100 --param ggc-min-heapsize=131072
ignoring nonexistent directory "/usr/lib/gcc/x86_64-pc-linux-gnu/5.5.0/../../../../x86_64-pc-linux-gnu/include"
#include "..." search starts here:
#include <...> search starts here:
 /usr/lib/gcc/x86_64-pc-linux-gnu/5.5.0/include/c++
 /usr/lib/gcc/x86_64-pc-linux-gnu/5.5.0/include/c++/x86_64-pc-linux-gnu
 /usr/lib/gcc/x86_64-pc-linux-gnu/5.5.0/include/c++/backward
 /usr/lib/gcc/x86_64-pc-linux-gnu/5.5.0/include
 /usr/local/include
 /usr/lib/gcc/x86_64-pc-linux-gnu/5.5.0/include-fixed
 /usr/include
End of search list.
GNU C++ (GCC) version 5.5.0 (x86_64-pc-linux-gnu)
	compiled by GNU C version 5.5.0, GMP version 6.2.1, MPFR version 4.1.0-p13, MPC version 1.2.1
GGC heuristics: --param ggc-min-expand=100 --param ggc-min-heapsize=131072
Compiler executable checksum: 7fbe602f611def59f0e847bda94e1a32
COLLECT_GCC_OPTIONS='-v' '-o' 'CMakeFiles/cmTC_95d53.dir/CMakeCXXCompilerABI.cpp.o' '-c' '-shared-libgcc' '-mtune=generic' '-march=x86-64'
 as -v --64 -o CMakeFiles/cmTC_95d53.dir/CMakeCXXCompilerABI.cpp.o /tmp/ccMWEJgl.s
GNU assembler version 2.38 (x86_64-pc-linux-gnu) using BFD version (GNU Binutils) 2.38
COMPILER_PATH=/usr/lib/gcc/x86_64-pc-linux-gnu/5.5.0/:/usr/lib/gcc/x86_64-pc-linux-gnu/5.5.0/:/usr/lib/gcc/x86_64-pc-linux-gnu/:/usr/lib/gcc/x86_64-pc-linux-gnu/5.5.0/:/usr/lib/gcc/x86_64-pc-linux-gnu/
LIBRARY_PATH=/usr/lib/gcc/x86_64-pc-linux-gnu/5.5.0/:/usr/lib/gcc/x86_64-pc-linux-gnu/5.5.0/../../../../lib/:/lib/../lib/:/usr/lib/../lib/:/usr/lib/gcc/x86_64-pc-linux-gnu/5.5.0/../../../:/lib/:/usr/lib/
COLLECT_GCC_OPTIONS='-v' '-o' 'CMakeFiles/cmTC_95d53.dir/CMakeCXXCompilerABI.cpp.o' '-c' '-shared-libgcc' '-mtune=generic' '-march=x86-64'
[2/2] Linking CXX executable cmTC_95d53
Using built-in specs.
COLLECT_GCC=/usr/bin/g++-5
COLLECT_LTO_WRAPPER=/usr/lib/gcc/x86_64-pc-linux-gnu/5.5.0/lto-wrapper
Target: x86_64-pc-linux-gnu
Configured with: ../configure --build=x86_64-pc-linux-gnu --disable-libssp --disable-libstdcxx-pch --disable-libunwind-exceptions --disable-multilib --disable-werror --enable-__cxa_atexit --enable-checking=release --enable-clocale=gnu --with-isl --enable-gnu-indirect-function --enable-gnu-unique-object --enable-languages=c,c++,fortran,lto --enable-libmpx --enable-linker-build-id --enable-lto --enable-plugin --enable-shared --enable-threads=posix --enable-version-specific-runtime-libs --infodir=/usr/share/info --libdir=/usr/lib --libexecdir=/usr/lib --mandir=/usr/share/man --program-suffix=-5 --with-bugurl=https://bugs.archlinux.org/ --with-linker-hash-style=gnu --with-system-zlib --prefix=/usr
Thread model: posix
gcc version 5.5.0 (GCC) 
COMPILER_PATH=/usr/lib/gcc/x86_64-pc-linux-gnu/5.5.0/:/usr/lib/gcc/x86_64-pc-linux-gnu/5.5.0/:/usr/lib/gcc/x86_64-pc-linux-gnu/:/usr/lib/gcc/x86_64-pc-linux-gnu/5.5.0/:/usr/lib/gcc/x86_64-pc-linux-gnu/
LIBRARY_PATH=/usr/lib/gcc/x86_64-pc-linux-gnu/5.5.0/:/usr/lib/gcc/x86_64-pc-linux-gnu/5.5.0/../../../../lib/:/lib/../lib/:/usr/lib/../lib/:/usr/lib/gcc/x86_64-pc-linux-gnu/5.5.0/../../../:/lib/:/usr/lib/
COLLECT_GCC_OPTIONS='-v' '-rdynamic' '-o' 'cmTC_95d53' '-shared-libgcc' '-mtune=generic' '-march=x86-64'
 /usr/lib/gcc/x86_64-pc-linux-gnu/5.5.0/collect2 -plugin /usr/lib/gcc/x86_64-pc-linux-gnu/5.5.0/liblto_plugin.so -plugin-opt=/usr/lib/gcc/x86_64-pc-linux-gnu/5.5.0/lto-wrapper -plugin-opt=-fresolution=/tmp/cc95BwDD.res -plugin-opt=-pass-through=-lgcc_s -plugin-opt=-pass-through=-lgcc -plugin-opt=-pass-through=-lc -plugin-opt=-pass-through=-lgcc_s -plugin-opt=-pass-through=-lgcc --build-id --eh-frame-hdr --hash-style=gnu -m elf_x86_64 -export-dynamic -dynamic-linker /lib64/ld-linux-x86-64.so.2 -o cmTC_95d53 /usr/lib/gcc/x86_64-pc-linux-gnu/5.5.0/../../../../lib/crt1.o /usr/lib/gcc/x86_64-pc-linux-gnu/5.5.0/../../../../lib/crti.o /usr/lib/gcc/x86_64-pc-linux-gnu/5.5.0/crtbegin.o -L/usr/lib/gcc/x86_64-pc-linux-gnu/5.5.0 -L/usr/lib/gcc/x86_64-pc-linux-gnu/5.5.0/../../../../lib -L/lib/../lib -L/usr/lib/../lib -L/usr/lib/gcc/x86_64-pc-linux-gnu/5.5.0/../../.. CMakeFiles/cmTC_95d53.dir/CMakeCXXCompilerABI.cpp.o -lstdc++ -lm -lgcc_s -lgcc -lc -lgcc_s -lgcc /usr/lib/gcc/x86_64-pc-linux-gnu/5.5.0/crtend.o /usr/lib/gcc/x86_64-pc-linux-gnu/5.5.0/../../../../lib/crtn.o



Parsed CXX implicit include dir info from above output: rv=done
  found start of include info
  found start of implicit include info
    add: [/usr/lib/gcc/x86_64-pc-linux-gnu/5.5.0/include/c++]
    add: [/usr/lib/gcc/x86_64-pc-linux-gnu/5.5.0/include/c++/x86_64-pc-linux-gnu]
    add: [/usr/lib/gcc/x86_64-pc-linux-gnu/5.5.0/include/c++/backward]
    add: [/usr/lib/gcc/x86_64-pc-linux-gnu/5.5.0/include]
    add: [/usr/local/include]
    add: [/usr/lib/gcc/x86_64-pc-linux-gnu/5.5.0/include-fixed]
    add: [/usr/include]
  end of search list found
  collapse include dir [/usr/lib/gcc/x86_64-pc-linux-gnu/5.5.0/include/c++] ==> [/usr/lib/gcc/x86_64-pc-linux-gnu/5.5.0/include/c++]
  collapse include dir [/usr/lib/gcc/x86_64-pc-linux-gnu/5.5.0/include/c++/x86_64-pc-linux-gnu] ==> [/usr/lib/gcc/x86_64-pc-linux-gnu/5.5.0/include/c++/x86_64-pc-linux-gnu]
  collapse include dir [/usr/lib/gcc/x86_64-pc-linux-gnu/5.5.0/include/c++/backward] ==> [/usr/lib/gcc/x86_64-pc-linux-gnu/5.5.0/include/c++/backward]
  collapse include dir [/usr/lib/gcc/x86_64-pc-linux-gnu/5.5.0/include] ==> [/usr/lib/gcc/x86_64-pc-linux-gnu/5.5.0/include]
  collapse include dir [/usr/local/include] ==> [/usr/local/include]
  collapse include dir [/usr/lib/gcc/x86_64-pc-linux-gnu/5.5.0/include-fixed] ==> [/usr/lib/gcc/x86_64-pc-linux-gnu/5.5.0/include-fixed]
  collapse include dir [/usr/include] ==> [/usr/include]
  implicit include dirs: [/usr/lib/gcc/x86_64-pc-linux-gnu/5.5.0/include/c++;/usr/lib/gcc/x86_64-pc-linux-gnu/5.5.0/include/c++/x86_64-pc-linux-gnu;/usr/lib/gcc/x86_64-pc-linux-gnu/5.5.0/include/c++/backward;/usr/lib/gcc/x86_64-pc-linux-gnu/5.5.0/include;/usr/local/include;/usr/lib/gcc/x86_64-pc-linux-gnu/5.5.0/include-fixed;/usr/include]


Parsed CXX implicit link information from above output:
  link line regex: [^( *|.*[/\])(ld|CMAKE_LINK_STARTFILE-NOTFOUND|([^/\]+-)?ld|collect2)[^/\]*( |$)]
  ignore line: [Change Dir: /home/jd/git/srcMetric/cmake-build-debug/CMakeFiles/CMakeTmp]
  ignore line: []
  ignore line: [Run Build Command(s):/opt/clion/bin/ninja/linux/ninja cmTC_95d53 && [1/2] Building CXX object CMakeFiles/cmTC_95d53.dir/CMakeCXXCompilerABI.cpp.o]
  ignore line: [Using built-in specs.]
  ignore line: [COLLECT_GCC=/usr/bin/g++-5]
  ignore line: [Target: x86_64-pc-linux-gnu]
  ignore line: [Configured with: ../configure --build=x86_64-pc-linux-gnu --disable-libssp --disable-libstdcxx-pch --disable-libunwind-exceptions --disable-multilib --disable-werror --enable-__cxa_atexit --enable-checking=release --enable-clocale=gnu --with-isl --enable-gnu-indirect-function --enable-gnu-unique-object --enable-languages=c c++ fortran lto --enable-libmpx --enable-linker-build-id --enable-lto --enable-plugin --enable-shared --enable-threads=posix --enable-version-specific-runtime-libs --infodir=/usr/share/info --libdir=/usr/lib --libexecdir=/usr/lib --mandir=/usr/share/man --program-suffix=-5 --with-bugurl=https://bugs.archlinux.org/ --with-linker-hash-style=gnu --with-system-zlib --prefix=/usr]
  ignore line: [Thread model: posix]
  ignore line: [gcc version 5.5.0 (GCC) ]
  ignore line: [COLLECT_GCC_OPTIONS='-v' '-o' 'CMakeFiles/cmTC_95d53.dir/CMakeCXXCompilerABI.cpp.o' '-c' '-shared-libgcc' '-mtune=generic' '-march=x86-64']
  ignore line: [ /usr/lib/gcc/x86_64-pc-linux-gnu/5.5.0/cc1plus -quiet -v -D_GNU_SOURCE /usr/share/cmake/Modules/CMakeCXXCompilerABI.cpp -quiet -dumpbase CMakeCXXCompilerABI.cpp -mtune=generic -march=x86-64 -auxbase-strip CMakeFiles/cmTC_95d53.dir/CMakeCXXCompilerABI.cpp.o -version -o /tmp/ccMWEJgl.s]
  ignore line: [GNU C++ (GCC) version 5.5.0 (x86_64-pc-linux-gnu)]
  ignore line: [	compiled by GNU C version 5.5.0  GMP version 6.2.1  MPFR version 4.1.0-p13  MPC version 1.2.1]
  ignore line: [GGC heuristics: --param ggc-min-expand=100 --param ggc-min-heapsize=131072]
  ignore line: [ignoring nonexistent directory "/usr/lib/gcc/x86_64-pc-linux-gnu/5.5.0/../../../../x86_64-pc-linux-gnu/include"]
  ignore line: [#include "..." search starts here:]
  ignore line: [#include <...> search starts here:]
  ignore line: [ /usr/lib/gcc/x86_64-pc-linux-gnu/5.5.0/include/c++]
  ignore line: [ /usr/lib/gcc/x86_64-pc-linux-gnu/5.5.0/include/c++/x86_64-pc-linux-gnu]
  ignore line: [ /usr/lib/gcc/x86_64-pc-linux-gnu/5.5.0/include/c++/backward]
  ignore line: [ /usr/lib/gcc/x86_64-pc-linux-gnu/5.5.0/include]
  ignore line: [ /usr/local/include]
  ignore line: [ /usr/lib/gcc/x86_64-pc-linux-gnu/5.5.0/include-fixed]
  ignore line: [ /usr/include]
  ignore line: [End of search list.]
  ignore line: [GNU C++ (GCC) version 5.5.0 (x86_64-pc-linux-gnu)]
  ignore line: [	compiled by GNU C version 5.5.0  GMP version 6.2.1  MPFR version 4.1.0-p13  MPC version 1.2.1]
  ignore line: [GGC heuristics: --param ggc-min-expand=100 --param ggc-min-heapsize=131072]
  ignore line: [Compiler executable checksum: 7fbe602f611def59f0e847bda94e1a32]
  ignore line: [COLLECT_GCC_OPTIONS='-v' '-o' 'CMakeFiles/cmTC_95d53.dir/CMakeCXXCompilerABI.cpp.o' '-c' '-shared-libgcc' '-mtune=generic' '-march=x86-64']
  ignore line: [ as -v --64 -o CMakeFiles/cmTC_95d53.dir/CMakeCXXCompilerABI.cpp.o /tmp/ccMWEJgl.s]
  ignore line: [GNU assembler version 2.38 (x86_64-pc-linux-gnu) using BFD version (GNU Binutils) 2.38]
  ignore line: [COMPILER_PATH=/usr/lib/gcc/x86_64-pc-linux-gnu/5.5.0/:/usr/lib/gcc/x86_64-pc-linux-gnu/5.5.0/:/usr/lib/gcc/x86_64-pc-linux-gnu/:/usr/lib/gcc/x86_64-pc-linux-gnu/5.5.0/:/usr/lib/gcc/x86_64-pc-linux-gnu/]
  ignore line: [LIBRARY_PATH=/usr/lib/gcc/x86_64-pc-linux-gnu/5.5.0/:/usr/lib/gcc/x86_64-pc-linux-gnu/5.5.0/../../../../lib/:/lib/../lib/:/usr/lib/../lib/:/usr/lib/gcc/x86_64-pc-linux-gnu/5.5.0/../../../:/lib/:/usr/lib/]
  ignore line: [COLLECT_GCC_OPTIONS='-v' '-o' 'CMakeFiles/cmTC_95d53.dir/CMakeCXXCompilerABI.cpp.o' '-c' '-shared-libgcc' '-mtune=generic' '-march=x86-64']
  ignore line: [[2/2] Linking CXX executable cmTC_95d53]
  ignore line: [Using built-in specs.]
  ignore line: [COLLECT_GCC=/usr/bin/g++-5]
  ignore line: [COLLECT_LTO_WRAPPER=/usr/lib/gcc/x86_64-pc-linux-gnu/5.5.0/lto-wrapper]
  ignore line: [Target: x86_64-pc-linux-gnu]
  ignore line: [Configured with: ../configure --build=x86_64-pc-linux-gnu --disable-libssp --disable-libstdcxx-pch --disable-libunwind-exceptions --disable-multilib --disable-werror --enable-__cxa_atexit --enable-checking=release --enable-clocale=gnu --with-isl --enable-gnu-indirect-function --enable-gnu-unique-object --enable-languages=c c++ fortran lto --enable-libmpx --enable-linker-build-id --enable-lto --enable-plugin --enable-shared --enable-threads=posix --enable-version-specific-runtime-libs --infodir=/usr/share/info --libdir=/usr/lib --libexecdir=/usr/lib --mandir=/usr/share/man --program-suffix=-5 --with-bugurl=https://bugs.archlinux.org/ --with-linker-hash-style=gnu --with-system-zlib --prefix=/usr]
  ignore line: [Thread model: posix]
  ignore line: [gcc version 5.5.0 (GCC) ]
  ignore line: [COMPILER_PATH=/usr/lib/gcc/x86_64-pc-linux-gnu/5.5.0/:/usr/lib/gcc/x86_64-pc-linux-gnu/5.5.0/:/usr/lib/gcc/x86_64-pc-linux-gnu/:/usr/lib/gcc/x86_64-pc-linux-gnu/5.5.0/:/usr/lib/gcc/x86_64-pc-linux-gnu/]
  ignore line: [LIBRARY_PATH=/usr/lib/gcc/x86_64-pc-linux-gnu/5.5.0/:/usr/lib/gcc/x86_64-pc-linux-gnu/5.5.0/../../../../lib/:/lib/../lib/:/usr/lib/../lib/:/usr/lib/gcc/x86_64-pc-linux-gnu/5.5.0/../../../:/lib/:/usr/lib/]
  ignore line: [COLLECT_GCC_OPTIONS='-v' '-rdynamic' '-o' 'cmTC_95d53' '-shared-libgcc' '-mtune=generic' '-march=x86-64']
  link line: [ /usr/lib/gcc/x86_64-pc-linux-gnu/5.5.0/collect2 -plugin /usr/lib/gcc/x86_64-pc-linux-gnu/5.5.0/liblto_plugin.so -plugin-opt=/usr/lib/gcc/x86_64-pc-linux-gnu/5.5.0/lto-wrapper -plugin-opt=-fresolution=/tmp/cc95BwDD.res -plugin-opt=-pass-through=-lgcc_s -plugin-opt=-pass-through=-lgcc -plugin-opt=-pass-through=-lc -plugin-opt=-pass-through=-lgcc_s -plugin-opt=-pass-through=-lgcc --build-id --eh-frame-hdr --hash-style=gnu -m elf_x86_64 -export-dynamic -dynamic-linker /lib64/ld-linux-x86-64.so.2 -o cmTC_95d53 /usr/lib/gcc/x86_64-pc-linux-gnu/5.5.0/../../../../lib/crt1.o /usr/lib/gcc/x86_64-pc-linux-gnu/5.5.0/../../../../lib/crti.o /usr/lib/gcc/x86_64-pc-linux-gnu/5.5.0/crtbegin.o -L/usr/lib/gcc/x86_64-pc-linux-gnu/5.5.0 -L/usr/lib/gcc/x86_64-pc-linux-gnu/5.5.0/../../../../lib -L/lib/../lib -L/usr/lib/../lib -L/usr/lib/gcc/x86_64-pc-linux-gnu/5.5.0/../../.. CMakeFiles/cmTC_95d53.dir/CMakeCXXCompilerABI.cpp.o -lstdc++ -lm -lgcc_s -lgcc -lc -lgcc_s -lgcc /usr/lib/gcc/x86_64-pc-linux-gnu/5.5.0/crtend.o /usr/lib/gcc/x86_64-pc-linux-gnu/5.5.0/../../../../lib/crtn.o]
    arg [/usr/lib/gcc/x86_64-pc-linux-gnu/5.5.0/collect2] ==> ignore
    arg [-plugin] ==> ignore
    arg [/usr/lib/gcc/x86_64-pc-linux-gnu/5.5.0/liblto_plugin.so] ==> ignore
    arg [-plugin-opt=/usr/lib/gcc/x86_64-pc-linux-gnu/5.5.0/lto-wrapper] ==> ignore
    arg [-plugin-opt=-fresolution=/tmp/cc95BwDD.res] ==> ignore
    arg [-plugin-opt=-pass-through=-lgcc_s] ==> ignore
    arg [-plugin-opt=-pass-through=-lgcc] ==> ignore
    arg [-plugin-opt=-pass-through=-lc] ==> ignore
    arg [-plugin-opt=-pass-through=-lgcc_s] ==> ignore
    arg [-plugin-opt=-pass-through=-lgcc] ==> ignore
    arg [--build-id] ==> ignore
    arg [--eh-frame-hdr] ==> ignore
    arg [--hash-style=gnu] ==> ignore
    arg [-m] ==> ignore
    arg [elf_x86_64] ==> ignore
    arg [-export-dynamic] ==> ignore
    arg [-dynamic-linker] ==> ignore
    arg [/lib64/ld-linux-x86-64.so.2] ==> ignore
    arg [-o] ==> ignore
    arg [cmTC_95d53] ==> ignore
    arg [/usr/lib/gcc/x86_64-pc-linux-gnu/5.5.0/../../../../lib/crt1.o] ==> obj [/usr/lib/gcc/x86_64-pc-linux-gnu/5.5.0/../../../../lib/crt1.o]
    arg [/usr/lib/gcc/x86_64-pc-linux-gnu/5.5.0/../../../../lib/crti.o] ==> obj [/usr/lib/gcc/x86_64-pc-linux-gnu/5.5.0/../../../../lib/crti.o]
    arg [/usr/lib/gcc/x86_64-pc-linux-gnu/5.5.0/crtbegin.o] ==> obj [/usr/lib/gcc/x86_64-pc-linux-gnu/5.5.0/crtbegin.o]
    arg [-L/usr/lib/gcc/x86_64-pc-linux-gnu/5.5.0] ==> dir [/usr/lib/gcc/x86_64-pc-linux-gnu/5.5.0]
    arg [-L/usr/lib/gcc/x86_64-pc-linux-gnu/5.5.0/../../../../lib] ==> dir [/usr/lib/gcc/x86_64-pc-linux-gnu/5.5.0/../../../../lib]
    arg [-L/lib/../lib] ==> dir [/lib/../lib]
    arg [-L/usr/lib/../lib] ==> dir [/usr/lib/../lib]
    arg [-L/usr/lib/gcc/x86_64-pc-linux-gnu/5.5.0/../../..] ==> dir [/usr/lib/gcc/x86_64-pc-linux-gnu/5.5.0/../../..]
    arg [CMakeFiles/cmTC_95d53.dir/CMakeCXXCompilerABI.cpp.o] ==> ignore
    arg [-lstdc++] ==> lib [stdc++]
    arg [-lm] ==> lib [m]
    arg [-lgcc_s] ==> lib [gcc_s]
    arg [-lgcc] ==> lib [gcc]
    arg [-lc] ==> lib [c]
    arg [-lgcc_s] ==> lib [gcc_s]
    arg [-lgcc] ==> lib [gcc]
    arg [/usr/lib/gcc/x86_64-pc-linux-gnu/5.5.0/crtend.o] ==> obj [/usr/lib/gcc/x86_64-pc-linux-gnu/5.5.0/crtend.o]
    arg [/usr/lib/gcc/x86_64-pc-linux-gnu/5.5.0/../../../../lib/crtn.o] ==> obj [/usr/lib/gcc/x86_64-pc-linux-gnu/5.5.0/../../../../lib/crtn.o]
  collapse obj [/usr/lib/gcc/x86_64-pc-linux-gnu/5.5.0/../../../../lib/crt1.o] ==> [/usr/lib/crt1.o]
  collapse obj [/usr/lib/gcc/x86_64-pc-linux-gnu/5.5.0/../../../../lib/crti.o] ==> [/usr/lib/crti.o]
  collapse obj [/usr/lib/gcc/x86_64-pc-linux-gnu/5.5.0/../../../../lib/crtn.o] ==> [/usr/lib/crtn.o]
  collapse library dir [/usr/lib/gcc/x86_64-pc-linux-gnu/5.5.0] ==> [/usr/lib/gcc/x86_64-pc-linux-gnu/5.5.0]
  collapse library dir [/usr/lib/gcc/x86_64-pc-linux-gnu/5.5.0/../../../../lib] ==> [/usr/lib]
  collapse library dir [/lib/../lib] ==> [/lib]
  collapse library dir [/usr/lib/../lib] ==> [/usr/lib]
  collapse library dir [/usr/lib/gcc/x86_64-pc-linux-gnu/5.5.0/../../..] ==> [/usr/lib]
  implicit libs: [stdc++;m;gcc_s;gcc;c;gcc_s;gcc]
  implicit objs: [/usr/lib/crt1.o;/usr/lib/crti.o;/usr/lib/gcc/x86_64-pc-linux-gnu/5.5.0/crtbegin.o;/usr/lib/gcc/x86_64-pc-linux-gnu/5.5.0/crtend.o;/usr/lib/crtn.o]
  implicit dirs: [/usr/lib/gcc/x86_64-pc-linux-gnu/5.5.0;/usr/lib;/lib]
  implicit fwks: []


